<?xml version="1.0" encoding="UTF-8"?>
<!-- Generated by org.testng.reporters.JUnitXMLReporter -->
<testsuite hostname="DESKTOP-67ELQGQ" ignored="0" name="Test" tests="1" failures="0" timestamp="26 May 2020 21:46:21 GMT" time="0.12" errors="0">
  <testcase name="@BeforeClass setup" time="0.09" classname="com.hybridFramework.testCases.BaseClass">
    <failure type="java.lang.NullPointerException">
      <![CDATA[java.lang.NullPointerException
at com.hybridFramework.testCases.BaseClass.setup(BaseClass.java:56)
... Removed 26 stack frames]]>
    </failure>
  </testcase> <!-- @BeforeClass setup -->
  <testcase name="@AfterClass tearDown" time="0.0" classname="com.hybridFramework.testCases.BaseClass">
    <skipped/>
  </testcase> <!-- @AfterClass tearDown -->
  <testcase name="loginTest" time="0.0" classname="com.hybridFramework.testCases.TC_LoginTest_001">
    <skipped/>
  </testcase> <!-- loginTest -->
</testsuite> <!-- Test -->
