<?xml version="1.0" encoding="UTF-8"?>
<testng-results ignored="0" total="1" passed="1" failed="0" skipped="0">
  <reporter-output>
  </reporter-output>
  <suite started-at="2020-05-28T03:27:53Z" name="hybridFramework_v1" finished-at="2020-05-28T03:28:03Z" duration-ms="10429">
    <groups>
    </groups>
    <test started-at="2020-05-28T03:27:53Z" name="BankingApp Test" finished-at="2020-05-28T03:28:03Z" duration-ms="10429">
      <class name="com.hybridFramework.testCases.TC_LoginTest_001">
        <test-method is-config="true" signature="setup(java.lang.String)[pri:0, instance:com.hybridFramework.testCases.TC_LoginTest_001@70be0a2b]" started-at="2020-05-28T03:27:53Z" name="setup" finished-at="2020-05-28T03:28:01Z" duration-ms="7452" status="PASS">
          <params>
            <param index="0">
              <value>
                <![CDATA[chrome]]>
              </value>
            </param>
          </params>
          <reporter-output>
          </reporter-output>
        </test-method> <!-- setup -->
        <test-method signature="loginTest()[pri:0, instance:com.hybridFramework.testCases.TC_LoginTest_001@70be0a2b]" started-at="2020-05-28T03:28:01Z" name="loginTest" finished-at="2020-05-28T03:28:03Z" duration-ms="2072" status="PASS">
          <reporter-output>
          </reporter-output>
        </test-method> <!-- loginTest -->
        <test-method is-config="true" signature="tearDown()[pri:0, instance:com.hybridFramework.testCases.TC_LoginTest_001@70be0a2b]" started-at="2020-05-28T03:28:03Z" name="tearDown" finished-at="2020-05-28T03:28:03Z" duration-ms="690" status="PASS">
          <reporter-output>
          </reporter-output>
        </test-method> <!-- tearDown -->
      </class> <!-- com.hybridFramework.testCases.TC_LoginTest_001 -->
    </test> <!-- BankingApp Test -->
  </suite> <!-- hybridFramework_v1 -->
</testng-results>
